Running: D:\ProgramFiles\Xilinx\14.7\ISE_DS\ISE\bin\nt64\unwrapped\fuse.exe -intstyle ise -incremental -lib unisims_ver -lib unimacro_ver -lib xilinxcorelib_ver -lib secureip -o D:/Sajad/Uni/Spring00/CAD/Project/phase 1/single_cycle_cpu/ALU_tb_isim_beh.exe -prj D:/Sajad/Uni/Spring00/CAD/Project/phase 1/single_cycle_cpu/ALU_tb_beh.prj work.ALU_tb work.glbl 
ISim P.20131013 (signature 0x7708f090)
Number of CPUs detected in this system: 8
Turning on mult-threading, number of parallel sub-compilation jobs: 16 
Determining compilation order of HDL files
Analyzing Verilog file "D:/Sajad/Uni/Spring00/CAD/Project/phase 1/single_cycle_cpu/ALU.v" into library work
Analyzing Verilog file "D:/Sajad/Uni/Spring00/CAD/Project/phase 1/single_cycle_cpu/ALU_tb.v" into library work
Analyzing Verilog file "D:/ProgramFiles/Xilinx/14.7/ISE_DS/ISE//verilog/src/glbl.v" into library work
Starting static elaboration
Completed static elaboration
Compiling module ALU
Compiling module ALU_tb
Compiling module glbl
Time Resolution for simulation is 1ps.
Waiting for 1 sub-compilation(s) to finish...
WARNING:Simulator - Unable to copy libPortabilityNOSH.dll to the simulation executable directory: boost::filesystem::copy_file: The system cannot find the path specified, "isim\ALU_tb_isim_beh.exe.sim\libPortability.dll".
Compiled 3 Verilog Units
Built simulation executable D:/Sajad/Uni/Spring00/CAD/Project/phase 1/single_cycle_cpu/ALU_tb_isim_beh.exe
Fuse Memory Usage: 27444 KB
Fuse CPU Usage: 390 ms
