--------------------------------------------------------------------------------
Release 14.7 Trace  (nt64)
Copyright (c) 1995-2013 Xilinx, Inc.  All rights reserved.

D:\ProgramFiles\Xilinx\14.7\ISE_DS\ISE\bin\nt64\unwrapped\trce.exe -intstyle
ise -v 3 -s 3 -n 3 -fastpaths -xml register_file.twx register_file.ncd -o
register_file.twr register_file.pcf

Design file:              register_file.ncd
Physical constraint file: register_file.pcf
Device,package,speed:     xc7a100t,csg324,C,-3 (PRODUCTION 1.10 2013-10-13)
Report level:             verbose report

Environment Variable      Effect 
--------------------      ------ 
NONE                      No environment variables were set
--------------------------------------------------------------------------------

INFO:Timing:2698 - No timing constraints found, doing default enumeration.
INFO:Timing:3412 - To improve timing, see the Timing Closure User Guide (UG612).
INFO:Timing:2752 - To get complete path coverage, use the unconstrained paths 
   option. All paths that are not constrained will be reported in the 
   unconstrained paths section(s) of the report.
INFO:Timing:3339 - The clock-to-out numbers in this timing report are based on 
   a 50 Ohm transmission line loading model.  For the details of this model, 
   and for more information on accounting for different loading conditions, 
   please see the device datasheet.



Data Sheet report:
-----------------
All values displayed in nanoseconds (ns)

Setup/Hold to clock clk
-------------+------------+------------+------------+------------+------------------+--------+
             |Max Setup to|  Process   |Max Hold to |  Process   |                  | Clock  |
Source       | clk (edge) |   Corner   | clk (edge) |   Corner   |Internal Clock(s) | Phase  |
-------------+------------+------------+------------+------------+------------------+--------+
readAddr1<0> |    0.894(F)|      FAST  |    1.134(F)|      SLOW  |clk_BUFGP         |   0.000|
readAddr1<1> |    0.949(F)|      FAST  |    0.999(F)|      SLOW  |clk_BUFGP         |   0.000|
readAddr1<2> |    0.904(F)|      FAST  |    1.100(F)|      SLOW  |clk_BUFGP         |   0.000|
readAddr1<3> |    1.260(F)|      FAST  |    0.634(F)|      SLOW  |clk_BUFGP         |   0.000|
readAddr1<4> |    1.163(F)|      FAST  |    0.775(F)|      SLOW  |clk_BUFGP         |   0.000|
readAddr2<0> |    0.060(F)|      FAST  |    2.106(F)|      SLOW  |clk_BUFGP         |   0.000|
readAddr2<1> |    0.062(F)|      FAST  |    2.117(F)|      SLOW  |clk_BUFGP         |   0.000|
readAddr2<2> |    0.020(F)|      FAST  |    2.214(F)|      SLOW  |clk_BUFGP         |   0.000|
readAddr2<3> |    0.018(F)|      FAST  |    2.231(F)|      SLOW  |clk_BUFGP         |   0.000|
readAddr2<4> |    0.007(F)|      FAST  |    2.258(F)|      SLOW  |clk_BUFGP         |   0.000|
writeAddr<0> |    2.801(R)|      SLOW  |    2.216(R)|      SLOW  |clk_BUFGP         |   0.000|
writeAddr<1> |    2.135(R)|      SLOW  |    2.034(R)|      SLOW  |clk_BUFGP         |   0.000|
writeAddr<2> |    2.811(R)|      SLOW  |    2.184(R)|      SLOW  |clk_BUFGP         |   0.000|
writeAddr<3> |    2.164(R)|      SLOW  |    2.188(R)|      SLOW  |clk_BUFGP         |   0.000|
writeAddr<4> |    2.222(R)|      SLOW  |    2.118(R)|      SLOW  |clk_BUFGP         |   0.000|
writeData<0> |    0.538(R)|      FAST  |    2.494(R)|      SLOW  |clk_BUFGP         |   0.000|
writeData<1> |    1.126(R)|      FAST  |    2.556(R)|      SLOW  |clk_BUFGP         |   0.000|
writeData<2> |    1.327(R)|      FAST  |    2.592(R)|      SLOW  |clk_BUFGP         |   0.000|
writeData<3> |    0.946(R)|      FAST  |    2.623(R)|      SLOW  |clk_BUFGP         |   0.000|
writeData<4> |    0.695(R)|      FAST  |    2.611(R)|      SLOW  |clk_BUFGP         |   0.000|
writeData<5> |    1.024(R)|      FAST  |    2.707(R)|      SLOW  |clk_BUFGP         |   0.000|
writeData<6> |    1.058(R)|      FAST  |    2.724(R)|      SLOW  |clk_BUFGP         |   0.000|
writeData<7> |    0.968(R)|      FAST  |    2.724(R)|      SLOW  |clk_BUFGP         |   0.000|
writeData<8> |    0.922(R)|      FAST  |    2.707(R)|      SLOW  |clk_BUFGP         |   0.000|
writeData<9> |    1.150(R)|      FAST  |    2.716(R)|      SLOW  |clk_BUFGP         |   0.000|
writeData<10>|    0.952(R)|      FAST  |    2.722(R)|      SLOW  |clk_BUFGP         |   0.000|
writeData<11>|    0.827(R)|      FAST  |    2.642(R)|      SLOW  |clk_BUFGP         |   0.000|
writeData<12>|    0.526(R)|      FAST  |    2.712(R)|      SLOW  |clk_BUFGP         |   0.000|
writeData<13>|    1.187(R)|      FAST  |    2.750(R)|      SLOW  |clk_BUFGP         |   0.000|
writeData<14>|    0.716(R)|      FAST  |    2.831(R)|      SLOW  |clk_BUFGP         |   0.000|
writeData<15>|    0.908(R)|      FAST  |    2.872(R)|      SLOW  |clk_BUFGP         |   0.000|
writeData<16>|    0.736(R)|      FAST  |    2.811(R)|      SLOW  |clk_BUFGP         |   0.000|
writeData<17>|    0.873(R)|      FAST  |    2.851(R)|      SLOW  |clk_BUFGP         |   0.000|
writeData<18>|    1.110(R)|      FAST  |    2.951(R)|      SLOW  |clk_BUFGP         |   0.000|
writeData<19>|    0.751(R)|      FAST  |    2.951(R)|      SLOW  |clk_BUFGP         |   0.000|
writeData<20>|    1.062(R)|      FAST  |    2.830(R)|      SLOW  |clk_BUFGP         |   0.000|
writeData<21>|    0.895(R)|      FAST  |    2.691(R)|      SLOW  |clk_BUFGP         |   0.000|
writeData<22>|    1.035(R)|      FAST  |    2.818(R)|      SLOW  |clk_BUFGP         |   0.000|
writeData<23>|    0.766(R)|      FAST  |    2.832(R)|      SLOW  |clk_BUFGP         |   0.000|
writeData<24>|    1.118(R)|      FAST  |    2.592(R)|      SLOW  |clk_BUFGP         |   0.000|
writeData<25>|    0.643(R)|      FAST  |    2.763(R)|      SLOW  |clk_BUFGP         |   0.000|
writeData<26>|    1.032(R)|      FAST  |    2.663(R)|      SLOW  |clk_BUFGP         |   0.000|
writeData<27>|    0.928(R)|      FAST  |    2.652(R)|      SLOW  |clk_BUFGP         |   0.000|
writeData<28>|    1.041(R)|      FAST  |    2.684(R)|      SLOW  |clk_BUFGP         |   0.000|
writeData<29>|    0.881(R)|      FAST  |    2.285(R)|      SLOW  |clk_BUFGP         |   0.000|
writeData<30>|    0.932(R)|      FAST  |    2.601(R)|      SLOW  |clk_BUFGP         |   0.000|
writeData<31>|    0.987(R)|      FAST  |    2.543(R)|      SLOW  |clk_BUFGP         |   0.000|
writeEn      |    1.410(R)|      FAST  |    1.536(R)|      SLOW  |clk_BUFGP         |   0.000|
-------------+------------+------------+------------+------------+------------------+--------+

Clock clk to Pad
-------------+-----------------+------------+-----------------+------------+------------------+--------+
             |Max (slowest) clk|  Process   |Min (fastest) clk|  Process   |                  | Clock  |
Destination  |  (edge) to PAD  |   Corner   |  (edge) to PAD  |   Corner   |Internal Clock(s) | Phase  |
-------------+-----------------+------------+-----------------+------------+------------------+--------+
readData1<0> |         9.679(F)|      SLOW  |         3.908(F)|      FAST  |clk_BUFGP         |   0.000|
readData1<1> |         9.781(F)|      SLOW  |         3.995(F)|      FAST  |clk_BUFGP         |   0.000|
readData1<2> |         9.873(F)|      SLOW  |         4.063(F)|      FAST  |clk_BUFGP         |   0.000|
readData1<3> |         9.746(F)|      SLOW  |         3.940(F)|      FAST  |clk_BUFGP         |   0.000|
readData1<4> |         9.900(F)|      SLOW  |         4.081(F)|      FAST  |clk_BUFGP         |   0.000|
readData1<5> |         9.853(F)|      SLOW  |         4.040(F)|      FAST  |clk_BUFGP         |   0.000|
readData1<6> |         9.821(F)|      SLOW  |         4.008(F)|      FAST  |clk_BUFGP         |   0.000|
readData1<7> |         9.883(F)|      SLOW  |         4.073(F)|      FAST  |clk_BUFGP         |   0.000|
readData1<8> |         9.788(F)|      SLOW  |         4.021(F)|      FAST  |clk_BUFGP         |   0.000|
readData1<9> |         9.847(F)|      SLOW  |         4.047(F)|      FAST  |clk_BUFGP         |   0.000|
readData1<10>|         9.706(F)|      SLOW  |         3.975(F)|      FAST  |clk_BUFGP         |   0.000|
readData1<11>|         9.714(F)|      SLOW  |         3.945(F)|      FAST  |clk_BUFGP         |   0.000|
readData1<12>|         9.697(F)|      SLOW  |         3.966(F)|      FAST  |clk_BUFGP         |   0.000|
readData1<13>|         9.663(F)|      SLOW  |         3.932(F)|      FAST  |clk_BUFGP         |   0.000|
readData1<14>|         9.572(F)|      SLOW  |         3.874(F)|      FAST  |clk_BUFGP         |   0.000|
readData1<15>|         9.562(F)|      SLOW  |         3.866(F)|      FAST  |clk_BUFGP         |   0.000|
readData1<16>|         9.611(F)|      SLOW  |         3.928(F)|      FAST  |clk_BUFGP         |   0.000|
readData1<17>|         9.572(F)|      SLOW  |         3.905(F)|      FAST  |clk_BUFGP         |   0.000|
readData1<18>|         9.642(F)|      SLOW  |         3.921(F)|      FAST  |clk_BUFGP         |   0.000|
readData1<19>|         9.592(F)|      SLOW  |         3.925(F)|      FAST  |clk_BUFGP         |   0.000|
readData1<20>|         9.514(F)|      SLOW  |         3.862(F)|      FAST  |clk_BUFGP         |   0.000|
readData1<21>|         9.421(F)|      SLOW  |         3.817(F)|      FAST  |clk_BUFGP         |   0.000|
readData1<22>|         9.478(F)|      SLOW  |         3.831(F)|      FAST  |clk_BUFGP         |   0.000|
readData1<23>|         9.488(F)|      SLOW  |         3.858(F)|      FAST  |clk_BUFGP         |   0.000|
readData1<24>|         9.365(F)|      SLOW  |         3.767(F)|      FAST  |clk_BUFGP         |   0.000|
readData1<25>|         9.310(F)|      SLOW  |         3.737(F)|      FAST  |clk_BUFGP         |   0.000|
readData1<26>|         9.315(F)|      SLOW  |         3.727(F)|      FAST  |clk_BUFGP         |   0.000|
readData1<27>|         9.304(F)|      SLOW  |         3.706(F)|      FAST  |clk_BUFGP         |   0.000|
readData1<28>|         9.389(F)|      SLOW  |         3.800(F)|      FAST  |clk_BUFGP         |   0.000|
readData1<29>|         9.347(F)|      SLOW  |         3.759(F)|      FAST  |clk_BUFGP         |   0.000|
readData1<30>|         9.355(F)|      SLOW  |         3.759(F)|      FAST  |clk_BUFGP         |   0.000|
readData1<31>|         9.436(F)|      SLOW  |         3.820(F)|      FAST  |clk_BUFGP         |   0.000|
readData2<0> |         9.548(F)|      SLOW  |         3.871(F)|      FAST  |clk_BUFGP         |   0.000|
readData2<1> |         9.549(F)|      SLOW  |         3.864(F)|      FAST  |clk_BUFGP         |   0.000|
readData2<2> |         9.524(F)|      SLOW  |         3.836(F)|      FAST  |clk_BUFGP         |   0.000|
readData2<3> |         9.646(F)|      SLOW  |         3.893(F)|      FAST  |clk_BUFGP         |   0.000|
readData2<4> |         9.581(F)|      SLOW  |         3.877(F)|      FAST  |clk_BUFGP         |   0.000|
readData2<5> |         9.578(F)|      SLOW  |         3.883(F)|      FAST  |clk_BUFGP         |   0.000|
readData2<6> |         9.764(F)|      SLOW  |         3.963(F)|      FAST  |clk_BUFGP         |   0.000|
readData2<7> |         9.567(F)|      SLOW  |         3.845(F)|      FAST  |clk_BUFGP         |   0.000|
readData2<8> |         9.672(F)|      SLOW  |         3.905(F)|      FAST  |clk_BUFGP         |   0.000|
readData2<9> |         9.722(F)|      SLOW  |         3.950(F)|      FAST  |clk_BUFGP         |   0.000|
readData2<10>|         9.718(F)|      SLOW  |         3.948(F)|      FAST  |clk_BUFGP         |   0.000|
readData2<11>|         9.840(F)|      SLOW  |         3.997(F)|      FAST  |clk_BUFGP         |   0.000|
readData2<12>|         9.853(F)|      SLOW  |         4.012(F)|      FAST  |clk_BUFGP         |   0.000|
readData2<13>|        11.016(F)|      SLOW  |         4.706(F)|      FAST  |clk_BUFGP         |   0.000|
readData2<14>|        11.006(F)|      SLOW  |         4.692(F)|      FAST  |clk_BUFGP         |   0.000|
readData2<15>|        10.581(F)|      SLOW  |         4.434(F)|      FAST  |clk_BUFGP         |   0.000|
readData2<16>|        10.554(F)|      SLOW  |         4.425(F)|      FAST  |clk_BUFGP         |   0.000|
readData2<17>|        10.624(F)|      SLOW  |         4.445(F)|      FAST  |clk_BUFGP         |   0.000|
readData2<18>|         9.866(F)|      SLOW  |         4.024(F)|      FAST  |clk_BUFGP         |   0.000|
readData2<19>|        11.128(F)|      SLOW  |         4.786(F)|      FAST  |clk_BUFGP         |   0.000|
readData2<20>|        10.702(F)|      SLOW  |         4.493(F)|      FAST  |clk_BUFGP         |   0.000|
readData2<21>|        10.842(F)|      SLOW  |         4.558(F)|      FAST  |clk_BUFGP         |   0.000|
readData2<22>|        10.853(F)|      SLOW  |         4.589(F)|      FAST  |clk_BUFGP         |   0.000|
readData2<23>|        10.691(F)|      SLOW  |         4.483(F)|      FAST  |clk_BUFGP         |   0.000|
readData2<24>|        10.787(F)|      SLOW  |         4.513(F)|      FAST  |clk_BUFGP         |   0.000|
readData2<25>|        10.079(F)|      SLOW  |         4.144(F)|      FAST  |clk_BUFGP         |   0.000|
readData2<26>|        10.272(F)|      SLOW  |         4.230(F)|      FAST  |clk_BUFGP         |   0.000|
readData2<27>|         9.951(F)|      SLOW  |         4.068(F)|      FAST  |clk_BUFGP         |   0.000|
readData2<28>|         9.977(F)|      SLOW  |         4.071(F)|      FAST  |clk_BUFGP         |   0.000|
readData2<29>|        10.032(F)|      SLOW  |         4.119(F)|      FAST  |clk_BUFGP         |   0.000|
readData2<30>|         9.972(F)|      SLOW  |         4.076(F)|      FAST  |clk_BUFGP         |   0.000|
readData2<31>|         9.941(F)|      SLOW  |         4.058(F)|      FAST  |clk_BUFGP         |   0.000|
-------------+-----------------+------------+-----------------+------------+------------------+--------+


Analysis completed Sat Jun 05 22:30:22 2021 
--------------------------------------------------------------------------------

Trace Settings:
-------------------------
Trace Settings 

Peak Memory Usage: 5003 MB



